<?xml version="1.0" encoding="UTF-8"?>
<!-- Generated by org.testng.reporters.JUnitReportReporter -->
<testsuite skipped="0" hostname="YY144440" name="com.headphone.testcases.TC_homepage" tests="1" failures="0" timestamp="08 Jul 2019 07:15:55 GMT" time="14.339" errors="0">
  <testcase name="search" time="14.339" classname="com.headphone.testcases.TC_homepage"/>
</testsuite> <!-- com.headphone.testcases.TC_homepage -->
